<?xml version="1.0" encoding="UTF-8"?>
<testsuite xmlns:xsi="http://www.w3.org/2001/XMLSchema-instance" xsi:noNamespaceSchemaLocation="https://maven.apache.org/surefire/maven-surefire-plugin/xsd/surefire-test-report-3.0.xsd" version="3.0" name="com.vote.VoteApplicationTests" time="4.214" tests="1" errors="0" skipped="0" failures="0">
  <properties>
[...]
</properties>
  <testcase name="contextLoads" classname="com.vote.VoteApplicationTests" time="1.032">
    <system-out><![CDATA[16:53:20.915 [main] INFO org.springframework.test.context.support.AnnotationConfigContextLoaderUtils -- Could not detect default configuration classes for test class [com.vote.VoteApplicationTests]: VoteApplicationTests does not declare any static, non-private, non-final, nested classes annotated with @Configuration.
16:53:21.049 [main] INFO org.springframework.boot.test.context.SpringBootTestContextBootstrapper -- Found @SpringBootConfiguration com.vote.VoteApplication for test class com.vote.VoteApplicationTests

  .   ____          _            __ _ _
 /\\ / ___'_ __ _ _(_)_ __  __ _ \ \ \ \
( ( )\___ | '_ | '_| | '_ \/ _` | \ \ \ \
 \\/  ___)| |_)| | | | | || (_| |  ) ) ) )
  '  |____| .__|_| |_|_| |_\__, | / / / /
 =========|_|==============|___/=/_/_/_/

 :: Spring Boot ::                (v3.3.5)

2024-11-18T16:53:21.525+08:00  INFO 51702 --- [Vote] [           main] com.vote.VoteApplicationTests            : Starting VoteApplicationTests using Java 17.0.12 with PID 51702 (started by jayendrabirtharia in /Users/jayendrabirtharia/IdeaProjects/Vote)
2024-11-18T16:53:21.527+08:00  INFO 51702 --- [Vote] [           main] com.vote.VoteApplicationTests            : No active profile set, falling back to 1 default profile: "default"
2024-11-18T16:53:22.306+08:00  INFO 51702 --- [Vote] [           main] .s.d.r.c.RepositoryConfigurationDelegate : Multiple Spring Data modules found, entering strict repository configuration mode
2024-11-18T16:53:22.310+08:00  INFO 51702 --- [Vote] [           main] .s.d.r.c.RepositoryConfigurationDelegate : Bootstrapping Spring Data Redis repositories in DEFAULT mode.
2024-11-18T16:53:22.356+08:00  INFO 51702 --- [Vote] [           main] .s.d.r.c.RepositoryConfigurationDelegate : Finished Spring Data repository scanning in 14 ms. Found 0 Redis repository interfaces.
2024-11-18T16:53:23.370+08:00  INFO 51702 --- [Vote] [           main] o.s.b.a.w.s.WelcomePageHandlerMapping    : Adding welcome page template: index
2024-11-18T16:53:23.845+08:00  INFO 51702 --- [Vote] [           main] com.vote.VoteApplicationTests            : Started VoteApplicationTests in 2.608 seconds (process running for 3.815)
]]></system-out>
  </testcase>
</testsuite>